<?xml version="1.0" encoding="UTF-8"?>
<!-- Generated by org.testng.reporters.JUnitReportReporter -->
<testsuite hostname="LAPTOP-SVSH65CA" failures="0" tests="2" name="tests.LoginTest" time="12.071" errors="0" timestamp="2023-07-23T08:41:19 IST" skipped="0">
  <testcase classname="tests.LoginTest" name="loginWithValidCrendetials" time="6.177"/>
  <testcase classname="tests.LoginTest" name="loginWithInvalidCredentials" time="5.894"/>
</testsuite> <!-- tests.LoginTest -->
