<?xml version="1.0" encoding="UTF-8"?>
<!-- Generated by org.testng.reporters.JUnitReportReporter -->
<testsuite hostname="LAPTOP-SVSH65CA" failures="0" tests="3" name="tests.SearchTest" time="18.086" errors="0" timestamp="2023-07-23T08:41:19 IST" skipped="0">
  <testcase classname="tests.SearchTest" name="searchWithValidProductName" time="5.429"/>
  <testcase classname="tests.SearchTest" name="searchWithInvalidProductName" time="6.391"/>
  <testcase classname="tests.SearchTest" name="searchByNotProvidingAnyProductName" time="6.266"/>
</testsuite> <!-- tests.SearchTest -->
