<?xml version="1.0" encoding="UTF-8"?>
<!-- Generated by org.testng.reporters.JUnitReportReporter -->
<testsuite hostname="LAPTOP-SVSH65CA" failures="0" tests="2" name="tests.RegisterTest" time="125.301" errors="0" timestamp="2023-07-23T08:41:19 IST" skipped="0">
  <testcase classname="tests.RegisterTest" name="registerWithMandatoryFields" time="58.959"/>
  <testcase classname="tests.RegisterTest" name="registerWithAllFields" time="66.342"/>
</testsuite> <!-- tests.RegisterTest -->
