<?xml version="1.0" encoding="UTF-8"?>
<!-- Generated by org.testng.reporters.JUnitReportReporter -->
<testsuite hostname="LAPTOP-SVSH65CA" failures="0" tests="2" name="tests.LoginTest" time="10.161" errors="0" timestamp="2023-07-23T14:28:09 IST" skipped="0">
  <testcase classname="tests.LoginTest" name="loginWithValidCrendetials" time="5.372"/>
  <testcase classname="tests.LoginTest" name="loginWithInvalidCredentials" time="4.789"/>
</testsuite> <!-- tests.LoginTest -->
