<?xml version="1.0" encoding="UTF-8"?>
<!-- Generated by org.testng.reporters.JUnitReportReporter -->
<testsuite hostname="LAPTOP-SVSH65CA" failures="0" tests="3" name="tests.SearchTest" time="14.251" errors="0" timestamp="2023-07-23T14:28:09 IST" skipped="0">
  <testcase classname="tests.SearchTest" name="searchWithValidProductName" time="5.168"/>
  <testcase classname="tests.SearchTest" name="searchWithInvalidProductName" time="4.680"/>
  <testcase classname="tests.SearchTest" name="searchByNotProvidingAnyProductName" time="4.403"/>
</testsuite> <!-- tests.SearchTest -->
