<?xml version="1.0" encoding="UTF-8"?>
<!-- Generated by org.testng.reporters.JUnitReportReporter -->
<testsuite hostname="LAPTOP-SVSH65CA" failures="0" tests="2" name="tests.RegisterTest" time="16.500" errors="0" timestamp="2023-07-23T14:28:09 IST" skipped="0">
  <testcase classname="tests.RegisterTest" name="registerWithMandatoryFields" time="10.003"/>
  <testcase classname="tests.RegisterTest" name="registerWithAllFields" time="6.497"/>
</testsuite> <!-- tests.RegisterTest -->
